 MPI is initialised - v3.1
 Process          207  of          239  is alive on no68
 ------------------------------------------------------------------------
 getm: Started on  20260114 142605.842
 ------------------------------------------------------------------------
 GETM version: 969dceb (iow_20200609_bfm2016_20250116 branch)
 GOTM version: f7b271b (master_20210107_couplingGETM_bfm2016_20241126 branch)
 ------------------------------------------------------------------------
 Compiler: GNU 6.4.0
    Compiled for parallel execution
       without OpenMP thread capability
    Fortran 95 compilation
    Using STATIC memory allocation
    Using double precision
    _DELAY_SLOW_IP_
    _NEW_DAF_
    GETM_BIO
 ------------------------------------------------------------------------
 Initialising....
 ------------------------------------------------------------------------
    the run id is: dws_200m
    the title is:  Dutch_Wadden_Sea_200m
    3D run - full (hotstart= T )
    init_time
        Time step:         4.0000000000000000       seconds
        Time format:               2
        Start:          2010-01-01 00:00:00
        Stop:           2015-02-01 00:00:00
         ==>         1857  day(s) and            0  seconds ==>     40111200  micro time steps
        using "2010-01-01 00:00:00" as time reference
    init_domain
    read_par_setup: Consistency OK
 ------------------------------------------------------------------------
        My id, coordinates, off-set and neighbours ....
 ------------------------------------------------------------------------
 id =          207           0           0         640         438
232233234
206207208
180181182
 ------------------------------------------------------------------------
        Reading bathymetry and grid information ...
        using NetCDF version: 4.6.0 of Aug 15 2018 14:35:17 $
        using cartesian grid.
        reading bathymetry: 
            iextr (iextr_topo):          820 (         820 )
            jextr (jextr_topo):          486 (         486 )
            axes names:    xc, yc
            mapping ill:ihl => ilg:ihg :           -1 :          34 =>         639 :         674
            mapping jll:jhl => jlg:jhg :           -1 :          34 =>         437 :         472
        checking for dx and dy
            done
        reading/constructing coordinate variables: xc, yc
            dx=    200.00000000000000      , dy=    200.00000000000000     
        checking for additional variable(s): lonc, latc, convc 
            lonc - OK
            latc - OK
            convc - OK
        done - reading bathymetry and grid
        adjusting bathymetry according to:
            bathymetry.adjust
                     180         201         180         202   1.0000000000000000     
        done
        Reading boundary location information from:
            bdyinfo.dat
        # of open boundaries            4
        # of open bdy points         1476
        Global Boundary Information
        There are            4  open boundaries.
            Western Boundary #           1
                           1           1         486
                   startcell:           1
                   2D:Flather (elev)
                   3D:Clamped
            Northern Boundary #           1
                         486           2         819
                   startcell:         487
                   2D:Flather (elev)
                   3D:Clamped
            Eastern Boundary #           1
                         820         360         486
                   startcell:        1305
                   2D:Flather (elev)
                   3D:Clamped
            Southern Boundary #           1
                           1           2          46
                   startcell:        1432
                   2D:Flather (elev)
                   3D:Clamped
        Local Boundary Information
        There are            0  open boundaries.
        adjusting mask according to:
            mask.adjust
                     257         175         258         175
        done
        Reset vel_depth_method=0 because of -D_NEW_DAF_ !
        (Note that this should become the default in the future!)
        calculating metrics
        Computing spatially varying Coriolis parameter
        bottom friction specification
            quadratic bottom friction with z0_const =    1.70000002E-03
        Dimensions:            1 :          32 ,           1 :          32 ,           0 :          15
        # waterpoints =         1024  of         1024
    init_parameters
        g =    9.81000042    
        rho_0 =    1025.00000    
        cp =    3985.00000    
        kappa =   0.400000006    
        avmmol =    1.79999995E-06
    init_meteo
        Metforcing= T
        Meteo forcing read from file
        Meteorological fields needs to be interpolated
        Stresses and fluxes will be calculated
            will interpolate calculated fluxes
            Use Kondo for runtype=3,4; and constant Cd for runtype=1,2
        long-wave back radiation:
            using Clark formulation
        Precipitation read
        Evaporation will be calculated
        Albedo method =           1
            Albedo according to Payne
    init_waves
        no waveforcing
    init_rivers()
        river_method=            2
        river_data=   rivers.nc
        river_format=            2
        river_factor=    1.0000000000000000     
        use_river_temp=  F
        use_river_salt=  T
        river_outflow_properties_follow_source_cell= T
        read_river_info()
               1                  r3  373  221 -9999.9    -1.0    -1.0 outside
               2                  r4  259  176 -9999.9    -1.0    -1.0 outside
               3                 r14  703  318 -9999.9    -1.0    -1.0 outside
               4                 r17  206  246 -9999.9    -1.0    -1.0 outside
               5                 r19  225  256 -9999.9    -1.0    -1.0 outside
               6                 r24  244  310 -9999.9    -1.0    -1.0 outside
               7                 r29  419  268 -9999.9    -1.0    -1.0 outside
               8                 r30  180  212 -9999.9    -1.0    -1.0 outside
               9                 r34  240  276 -9999.9    -1.0    -1.0 outside
              10                 r37  507  317 -9999.9    -1.0    -1.0 outside
              11                 r42  179  199 -9999.9    -1.0    -1.0 outside
              12                 r44  196  242 -9999.9    -1.0    -1.0 outside
              13                 r45  431  283 -9999.9    -1.0    -1.0 outside
              14                 r53  228  261 -9999.9    -1.0    -1.0 outside
            Number of unique rivers:           14
            split:           1           1           1           1           1           1           1           1           1           1           1           1           1           1
    init_2d
        CFL check
            max CFL number at depth=   27.1282768      at            1          24
            at this position, dx =    200.000000      and dy =     200.000000    
            used dt (   4.00000000     ) is less than    6.12991428    
        init_variables_2d
        init_advection
        Advection of depth-averaged velocities
            half step splitting: u/2 + v + u/2
             TVD-P2-PDM advection (third-order, monotone)
             without diffusion
        Am_method=0 -> horizontal momentum diffusion not included
        An_method=1 -> Using constant horizontal numerical diffusion
        sealevel_check>0 --> NaN values will result in error conditions
    init_3d
        splitting factor M:           15
        init_variables_3d
        init_advection_3d
        Advection of horizontal 3D velocities
            half step splitting: u/2 + v/2 + w + v/2 + u/2
             horizontal: TVD-P2-PDM advection (third-order, monotone)
                         without diffusion
             vertical  : TVD-Superbee advection (second-order, monotone)
                         with max          500  iterations
        vel_check=           0
        Turbulence settings
        Advection of TKE and eps
             horizontal: advection disabled
             vertical  : advection disabled
            background turbulent vertical viscosity set to:    1.00000001E-07
            background turbulent vertical diffusivity set to:    1.00000001E-07
        smooth_bvf_hor =  F
        smooth_bvf_ver =  F
        init_vertical_coordinates
            Using general vertical coordinates:          15  gvc layers
        init_temperature()
            avmolt =    1.39999997E-07
            Advection of temperature
            half step splitting: u/2 + v/2 + w + v/2 + u/2
             horizontal: TVD-Superbee advection (second-order, monotone)
                         without diffusion
             vertical  : TVD-Superbee advection (second-order, monotone)
                         with max          500  iterations
            temp_AH_method=0 -> horizontal diffusion of heat disabled
            setting attenuation coefficients to constant values:
                User specified:
                 A=    0.56999999999999995     
                 g1=   0.37000000000000000     
                 g2=    3.5400000000000000     
            temp_check=           0
        init_salinity()
            avmols =    1.09999998E-09
            Advection of salinity
            half step splitting: u/2 + v/2 + w + v/2 + u/2
             horizontal: TVD-Superbee advection (second-order, monotone)
                         without diffusion
             vertical  : TVD-Superbee advection (second-order, monotone)
                         with max          500  iterations
            salt_AH_method=0 -> horizontal diffusion of salt disabled
            salt_check=           0
            nonnegsalt_method =            0
        init_eqstate()
            Jackett ea 2006 - without pressure in rho
        init_nonhydrostatic()
            disabled nonhydrostatic computations
        init_internal_pressure()
            Shchepetkin and McWilliams (2003) scheme
    init_turbulence_nml
        done.
    post_init_turbulence
        allocation turbulence memory..
        done.
         
        --------------------------------------------------------
        You are using the k-epsilon model
        with the following properties:
         
            ce1                                  =   1.4399999999999999     
            ce2                                  =   1.9199999999999999     
            ce3minus                             = -0.62091212624900072     
            ce3plus                              =   1.0000000000000000     
            sig_k                                =   1.0000000000000000     
            sig_e                                =   1.3000000000000000     
         
            Value of the stability function
            in the log-law,                   cm0 =  0.52646471083532442     
            in shear-free turbulence,        cmsf =  0.73100601349000971     
         
            von Karman constant,           kappa =  0.41587379967373655     
            homogeneous decay rate,            d =  -1.0869565217391306     
            spatial decay rate (no shear), alpha =  -4.9744964669883514     
            length-scale slope (no shear),     L =   7.3332867480978059E-002
            steady-state Richardson-number, Ri_st=  0.25000000000000000     
        --------------------------------------------------------
         
    init_tridiagonal
        init_getm_bio()
    init_bio, namelist file:bio.nml
    opening namelist file: bio.nml
    namelist file opened: bio.nml
    Error messages to finish in GOTM will be handeld in GETM 
    init_les
    init_register_all_variables()
    init_output
        save_nuh T
        save_num T
        save_tke T
        save (rotated) velocities in center points
        save grid-related volume fluxes through interfaces
        2D results: /export/lv9/user/qzhan/home/GETM_ERSEM_SETUPS/dws_200m/out/dws_200m/32x32/2015/01//dws_200m.2d.0207.nc
        First=           0  step=         150  sync_2d=          144
        Elevation will be masked for depths below   0.349999994    
        Saving meteo forcing in /export/lv9/user/qzhan/home/GETM_ERSEM_SETUPS/dws_200m/out/dws_200m/32x32/2015/01//dws_200m.2d.0207.nc
        3D results: /export/lv9/user/qzhan/home/GETM_ERSEM_SETUPS/dws_200m/out/dws_200m/32x32/2015/01//dws_200m.3d.0207.nc
        First=           0  step=         450  sync_3d=           48
        Elevation will be masked for depths below   0.200000003    
        calculate and save mixing analysis
    do_register_all_variables()
        register_domain_variables()
        register_meteo_variables()
        register_waves_variables()
        register_2d_variables()
        register_3d_variables()
        register_les_variables()
        register_processed_variables()
    hotstart
        Reading hotstart file: 
            /export/lv9/user/qzhan/home/GETM_ERSEM_SETUPS/dws_200m/out/dws_200m/32x32/2015/01//restart.0207.in
            variable missing in restart file. Skipping Uinto               
            variable missing in restart file. Skipping Vinto               
 read_restart_ncdf_0           1           2           3           4
 read_restart_ncdf_1
    imin,ioff_l,iread_from,il,ifill_from           1         640           0    10630880           0
    jmin,joff_l,jread_from,jl,jfill_from           1         416           0           0           0
    il         641
    il         641
    jl         417
    jl         417
 read_restart_ncdf: fulldomain file
 read_restart_ncdf ioff_0_ff,joff_0_ff       -9999           0
 read_restart_ncdf ioff,joff         640         438
 read_restart_ncdf ioff_0,joff_0           0           0
 read_restart_ncdf ioff_l,joff_l         640         416
 read_restart_ncdf il,ih         641         672
 read_restart_ncdf jl,jh         417         448
 read_restart_ncdf iloc,jloc           1           1
 read_restart_ncdf ilen,jlen          32          32
 read_restart_ncdf iread_from,jread_from           0           0
 read_restart_ncdf ifill_from,jfill_from           0           0
 read_restart_ncdf edges          32          32          16           0           0
 read_restart_ncdf start         641         417           1           0           0
                 mpi-read returned with status=           0
            read_restart_ncdf(): leaving UEulerInt=0
            read_restart_ncdf(): leaving VEulerInt=0
            read_restart_ncdf(): leaving UEulerAdv=0
            read_restart_ncdf(): leaving VEulerAdv=0
            read_restart_ncdf(): leaving UStokesCint=0
            read_restart_ncdf(): leaving VStokesCint=0
            read_restart_ncdf(): leaving UStokesCadv=0
            read_restart_ncdf(): leaving VStokesCadv=0
            edges:           32          32          16           0           0
            bio_calc=  F
            hotstart_bio=  T
 Initial fields from 1D-model are used!
            MinN adjusted to     39441600
            2015-01-01 00:00:00
    hotstart_2d
    hotstart_3d
        hotstart temperature:
            getting initial fields from hotstart
        hotstart salinity:
            getting initial fields from hotstart
        postinit_bdy_3d() bio_calc= F
    init_input
        init_meteo_input
            Trying meteo from:
                /export/lv1/user/jvandermolen/data/model_input_files/meteo/ERA5-2000-ShelfSeas.nc
                time_id -->            1 , len =         8784
                Meteorological offset time    315619200.00000000     
                Datafile starts:   2000-01-01 00:00:00
                Datafile ends  :   2000-12-31 23:00:00
            Trying meteo from:
                /export/lv1/user/jvandermolen/data/model_input_files/meteo/ERA5-2001-ShelfSeas.nc
                time_id -->            1 , len =         8760
                Meteorological offset time    283996800.00000000     
                Datafile starts:   2001-01-01 00:00:00
                Datafile ends  :   2001-12-31 23:00:00
            Trying meteo from:
                /export/lv1/user/jvandermolen/data/model_input_files/meteo/ERA5-2002-ShelfSeas.nc
                time_id -->            1 , len =         8760
                Meteorological offset time    252460800.00000000     
                Datafile starts:   2002-01-01 00:00:00
                Datafile ends  :   2002-12-31 23:00:00
            Trying meteo from:
                /export/lv1/user/jvandermolen/data/model_input_files/meteo/ERA5-2003-ShelfSeas.nc
                time_id -->            1 , len =         8760
                Meteorological offset time    220924800.00000000     
                Datafile starts:   2003-01-01 00:00:00
                Datafile ends  :   2003-12-31 23:00:00
            Trying meteo from:
                /export/lv1/user/jvandermolen/data/model_input_files/meteo/ERA5-2004-ShelfSeas.nc
                time_id -->            1 , len =         8784
                Meteorological offset time    189388800.00000000     
                Datafile starts:   2004-01-01 00:00:00
                Datafile ends  :   2004-12-31 23:00:00
            Trying meteo from:
                /export/lv1/user/jvandermolen/data/model_input_files/meteo/ERA5-2005-ShelfSeas.nc
                time_id -->            1 , len =         8760
                Meteorological offset time    157766400.00000000     
                Datafile starts:   2005-01-01 00:00:00
                Datafile ends  :   2005-12-31 23:00:00
            Trying meteo from:
                /export/lv1/user/jvandermolen/data/model_input_files/meteo/ERA5-2006-ShelfSeas.nc
                time_id -->            1 , len =         8760
                Meteorological offset time    126230400.00000000     
                Datafile starts:   2006-01-01 00:00:00
                Datafile ends  :   2006-12-31 23:00:00
            Trying meteo from:
                /export/lv1/user/jvandermolen/data/model_input_files/meteo/ERA5-2007-ShelfSeas.nc
                time_id -->            1 , len =         8760
                Meteorological offset time    94694400.000000000     
                Datafile starts:   2007-01-01 00:00:00
                Datafile ends  :   2007-12-31 23:00:00
            Trying meteo from:
                /export/lv1/user/jvandermolen/data/model_input_files/meteo/ERA5-2008-ShelfSeas.nc
                time_id -->            1 , len =         8784
                Meteorological offset time    63158400.000000000     
                Datafile starts:   2008-01-01 00:00:00
                Datafile ends  :   2008-12-31 23:00:00
            Trying meteo from:
                /export/lv1/user/jvandermolen/data/model_input_files/meteo/ERA5-2009-ShelfSeas.nc
                time_id -->            1 , len =         8760
                Meteorological offset time    31536000.000000000     
                Datafile starts:   2009-01-01 00:00:00
                Datafile ends  :   2009-12-31 23:00:00
            Trying meteo from:
                /export/lv1/user/jvandermolen/data/model_input_files/meteo/ERA5-2010-ShelfSeas.nc
                time_id -->            1 , len =         8760
                Meteorological offset time    0.0000000000000000     
                Datafile starts:   2010-01-01 00:00:00
                Datafile ends  :   2010-12-31 23:00:00
            Trying meteo from:
                /export/lv1/user/jvandermolen/data/model_input_files/meteo/ERA5-2011-ShelfSeas.nc
                time_id -->            1 , len =         8760
                Meteorological offset time   -31536000.000000000     
                Datafile starts:   2011-01-01 00:00:00
                Datafile ends  :   2011-12-31 23:00:00
            Trying meteo from:
                /export/lv1/user/jvandermolen/data/model_input_files/meteo/ERA5-2012-ShelfSeas.nc
                time_id -->            1 , len =         8784
                Meteorological offset time   -63072000.000000000     
                Datafile starts:   2012-01-01 00:00:00
                Datafile ends  :   2012-12-31 23:00:00
            Trying meteo from:
                /export/lv1/user/jvandermolen/data/model_input_files/meteo/ERA5-2013-ShelfSeas.nc
                time_id -->            1 , len =         8760
                Meteorological offset time   -94694400.000000000     
                Datafile starts:   2013-01-01 00:00:00
                Datafile ends  :   2013-12-31 23:00:00
            Trying meteo from:
                /export/lv1/user/jvandermolen/data/model_input_files/meteo/ERA5-2014-ShelfSeas.nc
                time_id -->            1 , len =         8760
                Meteorological offset time   -126230400.00000000     
                Datafile starts:   2014-01-01 00:00:00
                Datafile ends  :   2014-12-31 23:00:00
            Trying meteo from:
                /export/lv1/user/jvandermolen/data/model_input_files/meteo/ERA5-2015-ShelfSeas.nc
                time_id -->            1 , len =         8760
                Meteorological offset time   -157766400.00000000     
                Datafile starts:   2015-01-01 00:00:00
                Datafile ends  :   2015-12-31 23:00:00
                dimensions
                lat_id  -->            2 , len =           73
                lon_id  -->            3 , len =          129
                Setting southpole to (0,-90,0)
                 ... checking variable slp
                 ... checking variable precip
                 ... checking variable u10
                 ... checking variable v10
                 ... checking variable t2
                 ... checking variable tcc
        Taking hum as dew point temperature
            Using meteo from:
                /export/lv1/user/jvandermolen/data/model_input_files/meteo/ERA5-2015-ShelfSeas.nc
            Data from: 2015-01-01 00:00:00 to 2015-12-31 23:00:00
            Reverting lat-axis and setting grid_scan to 0
    init_grid_interpol
        interpolates for all valid lat-lon
        source field domain (geo-graphical coordinates):
            lon:   -18.000000000000000        14.000000000000000     
            lat:    46.000000000000000        64.000000000000000     
        target field domain:
            lon:    5.9075875282287598        5.9747710227966309     
            lat:    53.588954925537109        53.662693023681641     
        Checking interpolation coefficients
        done
            2015-01-01 00:00:00: reading meteo data - 2015-01-01 00:00:00
        init_river_input
            init_river_input_ncdf
                rivers.nc
                 ... checking available variables for river "r3"
                 ... checking available variables for river "r4"
                 ... checking available variables for river "r14"
                 ... checking available variables for river "r17"
                 ... checking available variables for river "r19"
                 ... checking available variables for river "r24"
                 ... checking available variables for river "r29"
                 ... checking available variables for river "r30"
                 ... checking available variables for river "r34"
                 ... checking available variables for river "r37"
                 ... checking available variables for river "r42"
                 ... checking available variables for river "r44"
                 ... checking available variables for river "r45"
                 ... checking available variables for river "r53"
            River offset time    1830297600.0000000     
            2015-01-01 00:00:00: reading river data ....        21185
    postinit_2d
    postinit_3d
    finalize_register_all_variables()
    finalize_register_2d_variables()
    finalize_register_3d_variables()
    finalize_register_processed_variables()
            2015-01-01 00:00:00: saving 2D .... 
            2015-01-01 00:00:00: saving 3D .... 
 ------------------------------------------------------------------------
    integrating....
 ------------------------------------------------------------------------
            2015-01-01 00:00:00: reading meteo data - 2015-01-01 01:00:00
